<?xml version="1.0" encoding="UTF-8"?>
<!-- Generated by org.testng.reporters.JUnitReportReporter -->
<testsuite skipped="0" hostname="INBLL000516" name="com.psl.OpenCart.Tests.ShoppingCartPFTest" tests="2" failures="0" timestamp="2022-01-10T13:49:02 IST" time="1.776" errors="0">
  <testcase name="validateShoppingCartPFUpdateFunc" time="1.284" classname="com.psl.OpenCart.Tests.ShoppingCartPFTest"/>
  <system-out/>
  <testcase name="validateShoppingCartRemoveFunc" time="0.492" classname="com.psl.OpenCart.Tests.ShoppingCartPFTest"/>
  <system-out/>
</testsuite> <!-- com.psl.OpenCart.Tests.ShoppingCartPFTest -->
